# JRE version: OpenJDK Runtime Environment Temurin-11.0.14.1+1 (11.0.14.1+1) (build 11.0.14.1+1)
# Java VM: OpenJDK 64-Bit Server VM Temurin-11.0.14.1+1 (11.0.14.1+1, mixed mode, tiered, compressed oops, g1 gc, bsd-amd64)
Heap:
 garbage-first heap   total 131072K, used 56136K [0x0000000780000000, 0x0000000800000000)
  region size 1024K, 47 young (48128K), 2 survivors (2048K)
 Metaspace       used 31929K, capacity 33123K, committed 33408K, reserved 1079296K
  class space    used 3835K, capacity 4374K, committed 4480K, reserved 1048576K
GC Heap History (6 events):
Event: 0.789 GC heap before
{Heap before GC invocations=0 (full 0):
 garbage-first heap   total 131072K, used 13312K [0x0000000780000000, 0x0000000800000000)
  region size 1024K, 14 young (14336K), 0 survivors (0K)
 Metaspace       used 10603K, capacity 10784K, committed 11008K, reserved 1058816K
  class space    used 951K, capacity 1017K, committed 1024K, reserved 1048576K
}
Event: 0.795 GC heap after
{Heap after GC invocations=1 (full 0):
 garbage-first heap   total 131072K, used 2403K [0x0000000780000000, 0x0000000800000000)
  region size 1024K, 2 young (2048K), 2 survivors (2048K)
 Metaspace       used 10603K, capacity 10784K, committed 11008K, reserved 1058816K
  class space    used 951K, capacity 1017K, committed 1024K, reserved 1048576K
}
Event: 2.428 GC heap before
{Heap before GC invocations=1 (full 0):
 garbage-first heap   total 131072K, used 64867K [0x0000000780000000, 0x0000000800000000)
  region size 1024K, 65 young (66560K), 2 survivors (2048K)
 Metaspace       used 20683K, capacity 21186K, committed 21248K, reserved 1069056K
  class space    used 2314K, capacity 2526K, committed 2560K, reserved 1048576K
}
Event: 2.458 GC heap after
{Heap after GC invocations=2 (full 0):
 garbage-first heap   total 131072K, used 7220K [0x0000000780000000, 0x0000000800000000)
  region size 1024K, 7 young (7168K), 7 survivors (7168K)
 Metaspace       used 20683K, capacity 21186K, committed 21248K, reserved 1069056K
  class space    used 2314K, capacity 2526K, committed 2560K, reserved 1048576K
}
Event: 3.481 GC heap before
{Heap before GC invocations=3 (full 0):
 garbage-first heap   total 131072K, used 37940K [0x0000000780000000, 0x0000000800000000)
  region size 1024K, 37 young (37888K), 7 survivors (7168K)
 Metaspace       used 25633K, capacity 26327K, committed 26496K, reserved 1073152K
  class space    used 2892K, capacity 3194K, committed 3200K, reserved 1048576K
}
Event: 3.512 GC heap after
{Heap after GC invocations=4 (full 0):
 garbage-first heap   total 131072K, used 9032K [0x0000000780000000, 0x0000000800000000)
  region size 1024K, 2 young (2048K), 2 survivors (2048K)
 Metaspace       used 25633K, capacity 26327K, committed 26496K, reserved 1073152K
  class space    used 2892K, capacity 3194K, committed 3200K, reserved 1048576K
}

